Dataloader created with 39848 crops
Dataloader created with 31456 crops
Dataloader created with 121 crops
Number of items in train_dataset: 35863
Running on cuda
Epoch 1: Validation RMSE = 731.5610. Unprecise: nan
Epoch 2: Validation RMSE = 518.8461. Unprecise: nan
Epoch 3: Validation RMSE = 423.0118. Unprecise: nan
Epoch 4: Validation RMSE = 362.9971. Unprecise: nan
Epoch 5: Validation RMSE = 320.7383. Unprecise: nan
Epoch 6: Validation RMSE = 289.3907. Unprecise: nan
Epoch 7: Validation RMSE = 264.7152. Unprecise: nan
Epoch 8: Validation RMSE = 244.2245. Unprecise: nan

------------------------------------------------------------
Sender: LSF System <lsfadmin@hpc.dtu.dk>
Subject: Job 24817682: <wandb> in cluster <dcc> Exited

Job <wandb> was submitted from host <n-62-12-19> by user <s193624> in cluster <dcc> at Sun Apr 27 19:01:50 2025
Job was executed on host(s) <4*n-62-20-4>, in queue <gpuv100>, as user <s193624> in cluster <dcc> at Sun Apr 27 19:01:51 2025
</zhome/a1/4/145993> was used as the home directory.
</zhome/a1/4/145993/courses/special course/Special-Course> was used as the working directory.
Started at Sun Apr 27 19:01:51 2025
Terminated at Sun Apr 27 19:13:54 2025
Results reported at Sun Apr 27 19:13:54 2025

Your job looked like:

------------------------------------------------------------
# LSBATCH: User input
#!/bin/bash
#BSUB -J wandb
#BSUB -q gpuv100
#BSUB -W 300
#BSUB -R "rusage[mem=4096MB]"
#BSUB -n 4         
#BSUB -R "span[hosts=1]"   
#BSUB -o src/batch_out/sleeper_%J.out
#BSUB -e src/batch_out/sleeper_%J.err 

source '../special_course/bin/activate'
wandb agent karl-find-hansen-technical-university-of-denmark/greenland-bedmap-generation/43odwsqx

------------------------------------------------------------

TERM_OWNER: job killed by owner.
Exited with exit code 143.

Resource usage summary:

    CPU time :                                   681.00 sec.
    Max Memory :                                 10653 MB
    Average Memory :                             9152.57 MB
    Total Requested Memory :                     16384.00 MB
    Delta Memory :                               5731.00 MB
    Max Swap :                                   -
    Max Processes :                              11
    Max Threads :                                59
    Run time :                                   739 sec.
    Turnaround time :                            724 sec.

The output (if any) is above this job summary.



PS:

Read file <src/batch_out/sleeper_24817682.err> for stderr output of this job.

