Dataloader created with 39848 crops
Dataloader created with 31456 crops
Dataloader created with 121 crops
Number of items in train_dataset: 35863
Running on cuda
Epoch 1: Validation RMSE = 632.7309. Unprecise: nan
Epoch 2: Validation RMSE = 457.7743. Unprecise: nan

------------------------------------------------------------
Sender: LSF System <lsfadmin@hpc.dtu.dk>
Subject: Job 24817517: <wandb> in cluster <dcc> Exited

Job <wandb> was submitted from host <n-62-12-19> by user <s193624> in cluster <dcc> at Sun Apr 27 18:50:41 2025
Job was executed on host(s) <4*n-62-20-4>, in queue <gpuv100>, as user <s193624> in cluster <dcc> at Sun Apr 27 18:50:43 2025
</zhome/a1/4/145993> was used as the home directory.
</zhome/a1/4/145993/courses/special course/Special-Course> was used as the working directory.
Started at Sun Apr 27 18:50:43 2025
Terminated at Sun Apr 27 19:01:22 2025
Results reported at Sun Apr 27 19:01:22 2025

Your job looked like:

------------------------------------------------------------
# LSBATCH: User input
#!/bin/bash
#BSUB -J wandb
#BSUB -q gpuv100
#BSUB -W 300
#BSUB -R "rusage[mem=8192MB]"
#BSUB -n 4         
#BSUB -R "span[hosts=1]"   
#BSUB -o src/batch_out/sleeper_%J.out
#BSUB -e src/batch_out/sleeper_%J.err 

source '../special_course/bin/activate'
wandb agent karl-find-hansen-technical-university-of-denmark/greenland-bedmap-generation/43odwsqx

------------------------------------------------------------

TERM_OWNER: job killed by owner.
Exited with exit code 143.

Resource usage summary:

    CPU time :                                   207.00 sec.
    Max Memory :                                 11464 MB
    Average Memory :                             5660.14 MB
    Total Requested Memory :                     32768.00 MB
    Delta Memory :                               21304.00 MB
    Max Swap :                                   -
    Max Processes :                              11
    Max Threads :                                59
    Run time :                                   700 sec.
    Turnaround time :                            641 sec.

The output (if any) is above this job summary.



PS:

Read file <src/batch_out/sleeper_24817517.err> for stderr output of this job.

